
=== Wed Oct 24 08:37:01 2018

Packages were changed.
Update Mode: updateDependencies

The following packages were added:
  com.unity.collab-proxy@1.2.11
The following packages were updated:
  com.unity.analytics from version 2.0.16 to 3.0.9
  com.unity.package-manager-ui from version 1.9.11 to 2.0.1
  com.unity.textmeshpro from version 1.2.4 to 1.3.0

=== Thu Oct 25 07:19:42 2018

Packages were changed.
Update Mode: updateDependencies

The following packages were updated:
  com.unity.package-manager-ui from version 2.0.1 to 2.0.2

=== Wed Jan 23 20:12:25 2019

Packages were changed.
Update Mode: updateDependencies

The following packages were updated:
  com.unity.analytics from version 3.0.9 to 3.2.2
  com.unity.collab-proxy from version 1.2.11 to 1.2.15
  com.unity.package-manager-ui from version 2.0.2 to 2.0.3
